app/build/outputs/logs/manifest-merger-debug-report.txt
-- Merging decision tree log ---
manifest
ADDED from src\main\AndroidManifest.xml:2:1-186:12
	package
		ADDED from src\main\AndroidManifest.xml:3:5-48
		INJECTED from src\main\AndroidManifest.xml
		INJECTED from src\main\AndroidManifest.xml
	android:versionName
		INJECTED from src\main\AndroidManifest.xml
		INJECTED from src\main\AndroidManifest.xml
	xmlns:android
		ADDED from src\main\AndroidManifest.xml:2:11-69
	android:versionCode
		INJECTED from src\main\AndroidManifest.xml
		INJECTED from src\main\AndroidManifest.xml
uses-sdk
ADDED from src\main\AndroidManifest.xml:5:5-7:41
MERGED from [com.android.support:multidex:1.0.1] AndroidManifest.xml:18:5-42
MERGED from [com.android.support:design:25.3.0] AndroidManifest.xml:21:5-23:62
MERGED from [com.android.support:transition:25.3.0] AndroidManifest.xml:20:5-44
MERGED from [com.makeramen:roundedimageview:2.2.1] AndroidManifest.xml:7:5-43
MERGED from [Veggis:ViewPagerLibrary:unspecified] AndroidManifest.xml:7:5-9:41
MERGED from [Veggis:DialTimePickerLibrary:unspecified] AndroidManifest.xml:7:5-9:41
MERGED from [Veggis:ptr-lib:unspecified] AndroidManifest.xml:7:5-9:41
MERGED from [Veggis:library:unspecified] AndroidManifest.xml:8:5-10:41
MERGED from [com.daimajia.easing:library:2.0] AndroidManifest.xml:8:5-10:41
MERGED from [com.mikepenz:actionitembadge:3.2.5] AndroidManifest.xml:8:5-10:41
MERGED from [com.mikepenz:iconics-core:2.5.11] AndroidManifest.xml:8:5-10:41
MERGED from [hanks.xyz:smallbang-library:0.1.2] AndroidManifest.xml:7:5-9:41
MERGED from [com.yqritc:recyclerview-flexibledivider:1.2.9] AndroidManifest.xml:8:5-10:41
MERGED from [com.timehop.stickyheadersrecyclerview:library:0.4.3] AndroidManifest.xml:8:5-10:41
MERGED from [io.reactivex:rxandroid:1.1.0] AndroidManifest.xml:19:5-43
MERGED from [com.felipecsl:gifimageview:2.0.0] AndroidManifest.xml:8:5-43
MERGED from [com.github.lzyzsd:circleprogress:1.1.0] AndroidManifest.xml:7:5-9:41
MERGED from [com.snappydb:snappydb-lib:0.5.2] AndroidManifest.xml:7:5-9:41
MERGED from [com.tbruyelle.rxpermissions:rxpermissions:0.7.0] AndroidManifest.xml:6:5-8:41
MERGED from [org.zakariya.stickyheaders:stickyheaders:0.7.5] AndroidManifest.xml:7:5-9:41
MERGED from [com.google.android.gms:play-services-auth:9.2.1] AndroidManifest.xml:18:5-43
MERGED from [com.google.android.gms:play-services-auth-base:9.2.1] AndroidManifest.xml:5:5-43
MERGED from [com.facebook.android:facebook-android-sdk:4.15.0] AndroidManifest.xml:24:5-26:41
MERGED from [com.android.support:cardview-v7:25.3.0] AndroidManifest.xml:20:5-43
MERGED from [com.android.support:customtabs:23.4.0] AndroidManifest.xml:20:5-44
MERGED from [com.github.freshdesk:hotline-android:1.0.15] AndroidManifest.xml:7:5-9:41
MERGED from [com.android.support:recyclerview-v7:25.3.0] AndroidManifest.xml:20:5-43
MERGED from [com.android.support:appcompat-v7:25.3.0] AndroidManifest.xml:21:5-23:78
MERGED from [com.android.support:animated-vector-drawable:25.3.0] AndroidManifest.xml:20:5-44
MERGED from [com.android.support:support-vector-drawable:25.3.0] AndroidManifest.xml:20:5-43
MERGED from [com.onesignal:OneSignal:3.6.3] AndroidManifest.xml:5:5-44
MERGED from [com.google.android.gms:play-services-gcm:9.2.1] AndroidManifest.xml:18:5-42
MERGED from [com.google.android.gms:play-services-iid:9.2.1] AndroidManifest.xml:18:5-42
MERGED from [com.google.android.gms:play-services-location:9.2.1] AndroidManifest.xml:18:5-42
MERGED from [com.google.android.gms:play-services-base:9.2.1] AndroidManifest.xml:18:5-42
MERGED from [com.crashlytics.sdk.android:crashlytics:2.6.5] AndroidManifest.xml:7:5-43
MERGED from [com.crashlytics.sdk.android:beta:1.2.2] AndroidManifest.xml:7:5-43
MERGED from [com.crashlytics.sdk.android:crashlytics-core:2.3.14] AndroidManifest.xml:7:5-43
MERGED from [com.crashlytics.sdk.android:answers:1.3.10] AndroidManifest.xml:7:5-43
MERGED from [io.fabric.sdk.android:fabric:1.3.14] AndroidManifest.xml:23:5-43
MERGED from [com.google.firebase:firebase-core:9.2.1] AndroidManifest.xml:4:5-42
MERGED from [com.google.firebase:firebase-analytics:9.2.1] AndroidManifest.xml:18:5-42
MERGED from [com.google.firebase:firebase-analytics-impl:9.2.1] AndroidManifest.xml:18:5-42
MERGED from [com.google.firebase:firebase-iid:9.2.1] AndroidManifest.xml:18:5-42
MERGED from [com.google.firebase:firebase-common:9.2.1] AndroidManifest.xml:4:5-43
MERGED from [com.google.android.gms:play-services-tasks:9.2.1] AndroidManifest.xml:4:5-43
MERGED from [com.google.android.gms:play-services-basement:9.2.1] AndroidManifest.xml:18:5-42
MERGED from [com.android.support:support-v4:25.3.0] AndroidManifest.xml:21:5-23:54
MERGED from [com.android.support:support-fragment:25.3.0] AndroidManifest.xml:21:5-23:60
MERGED from [com.android.support:support-media-compat:25.3.0] AndroidManifest.xml:21:5-23:63
MERGED from [com.android.support:support-core-ui:25.3.0] AndroidManifest.xml:21:5-23:58
MERGED from [com.android.support:support-core-utils:25.3.0] AndroidManifest.xml:21:5-23:61
MERGED from [com.android.support:support-compat:25.3.0] AndroidManifest.xml:21:5-23:58
	tools:overrideLibrary
		ADDED from [com.android.support:design:25.3.0] AndroidManifest.xml:23:9-59
	android:targetSdkVersion
		ADDED from src\main\AndroidManifest.xml:7:9-38
		INJECTED from src\main\AndroidManifest.xml
		INJECTED from src\main\AndroidManifest.xml
	android:minSdkVersion
		ADDED from src\main\AndroidManifest.xml:6:9-35
		INJECTED from src\main\AndroidManifest.xml
		INJECTED from src\main\AndroidManifest.xml
uses-permission#android.permission.WRITE_EXTERNAL_STORAGE
ADDED from src\main\AndroidManifest.xml:9:5-81
MERGED from [com.github.freshdesk:hotline-android:1.0.15] AndroidManifest.xml:21:5-81
	android:name
		ADDED from src\main\AndroidManifest.xml:9:22-78
uses-permission#android.permission.INTERNET
ADDED from src\main\AndroidManifest.xml:10:5-67
MERGED from [com.github.freshdesk:hotline-android:1.0.15] AndroidManifest.xml:12:5-67
MERGED from [com.onesignal:OneSignal:3.6.3] AndroidManifest.xml:17:5-67
MERGED from [com.google.android.gms:play-services-gcm:9.2.1] AndroidManifest.xml:22:5-67
MERGED from [com.google.android.gms:play-services-iid:9.2.1] AndroidManifest.xml:22:5-67
MERGED from [com.crashlytics.sdk.android:crashlytics:2.6.5] AndroidManifest.xml:9:5-67
MERGED from [com.crashlytics.sdk.android:beta:1.2.2] AndroidManifest.xml:9:5-67
MERGED from [com.crashlytics.sdk.android:crashlytics-core:2.3.14] AndroidManifest.xml:9:5-67
MERGED from [com.crashlytics.sdk.android:answers:1.3.10] AndroidManifest.xml:9:5-67
MERGED from [io.fabric.sdk.android:fabric:1.3.14] AndroidManifest.xml:25:5-67
MERGED from [com.google.firebase:firebase-analytics:9.2.1] AndroidManifest.xml:21:5-67
MERGED from [com.google.firebase:firebase-analytics-impl:9.2.1] AndroidManifest.xml:21:5-67
MERGED from [com.google.firebase:firebase-iid:9.2.1] AndroidManifest.xml:21:5-67
	android:name
		ADDED from src\main\AndroidManifest.xml:10:22-64
uses-permission#android.permission.ACCESS_NETWORK_STATE
ADDED from src\main\AndroidManifest.xml:11:5-79
MERGED from [com.github.freshdesk:hotline-android:1.0.15] AndroidManifest.xml:13:5-79
MERGED from [com.onesignal:OneSignal:3.6.3] AndroidManifest.xml:25:5-79
MERGED from [com.google.firebase:firebase-analytics:9.2.1] AndroidManifest.xml:22:5-79
MERGED from [com.google.firebase:firebase-analytics-impl:9.2.1] AndroidManifest.xml:22:5-79
MERGED from [com.google.firebase:firebase-iid:9.2.1] AndroidManifest.xml:20:5-79
	android:name
		ADDED from src\main\AndroidManifest.xml:11:22-76
uses-permission#android.permission.ACCESS_COARSE_LOCATION
ADDED from src\main\AndroidManifest.xml:12:5-81
	android:name
		ADDED from src\main\AndroidManifest.xml:12:22-78
uses-permission#android.permission.ACCESS_FINE_LOCATION
ADDED from src\main\AndroidManifest.xml:13:5-79
	android:name
		ADDED from src\main\AndroidManifest.xml:13:22-76
uses-permission#android.permission.CAMERA
ADDED from src\main\AndroidManifest.xml:14:5-65
	android:name
		ADDED from src\main\AndroidManifest.xml:14:22-62
uses-permission#android.hardware.camera.autofocus
ADDED from src\main\AndroidManifest.xml:15:5-73
	android:name
		ADDED from src\main\AndroidManifest.xml:15:22-70
uses-permission#android.permission.READ_EXTERNAL_STORAGE
ADDED from src\main\AndroidManifest.xml:16:5-80
	android:name
		ADDED from src\main\AndroidManifest.xml:16:22-77
uses-permission#android.permission.READ_PHONE_STATE
ADDED from src\main\AndroidManifest.xml:17:5-75
	android:name
		ADDED from src\main\AndroidManifest.xml:17:22-72
uses-permission#android.permission.VIBRATE
ADDED from src\main\AndroidManifest.xml:19:5-65
MERGED from [com.onesignal:OneSignal:3.6.3] AndroidManifest.xml:24:5-66
	android:name
		ADDED from src\main\AndroidManifest.xml:19:22-63
application
ADDED from src\main\AndroidManifest.xml:21:5-184:19
MERGED from [com.android.support:design:25.3.0] AndroidManifest.xml:29:5-20
MERGED from [com.android.support:transition:25.3.0] AndroidManifest.xml:26:5-20
MERGED from [Veggis:DialTimePickerLibrary:unspecified] AndroidManifest.xml:11:5-13:44
MERGED from [Veggis:ptr-lib:unspecified] AndroidManifest.xml:11:5-20
MERGED from [hanks.xyz:smallbang-library:0.1.2] AndroidManifest.xml:11:5-15:19
MERGED from [com.timehop.stickyheadersrecyclerview:library:0.4.3] AndroidManifest.xml:12:5-20
MERGED from [com.felipecsl:gifimageview:2.0.0] AndroidManifest.xml:10:5-20
MERGED from [com.snappydb:snappydb-lib:0.5.2] AndroidManifest.xml:11:5-20
MERGED from [com.tbruyelle.rxpermissions:rxpermissions:0.7.0] AndroidManifest.xml:10:5-15:19
MERGED from [org.zakariya.stickyheaders:stickyheaders:0.7.5] AndroidManifest.xml:11:5-14:19
MERGED from [com.google.android.gms:play-services-auth:9.2.1] AndroidManifest.xml:20:5-32:19
MERGED from [com.facebook.android:facebook-android-sdk:4.15.0] AndroidManifest.xml:28:5-38:19
MERGED from [com.android.support:cardview-v7:25.3.0] AndroidManifest.xml:26:5-20
MERGED from [com.android.support:customtabs:23.4.0] AndroidManifest.xml:22:5-20
MERGED from [com.github.freshdesk:hotline-android:1.0.15] AndroidManifest.xml:26:5-76:19
MERGED from [com.android.support:appcompat-v7:25.3.0] AndroidManifest.xml:29:5-20
MERGED from [com.android.support:animated-vector-drawable:25.3.0] AndroidManifest.xml:26:5-20
MERGED from [com.android.support:support-vector-drawable:25.3.0] AndroidManifest.xml:26:5-20
MERGED from [com.onesignal:OneSignal:3.6.3] AndroidManifest.xml:49:5-101:19
MERGED from [com.google.android.gms:play-services-gcm:9.2.1] AndroidManifest.xml:24:5-20
MERGED from [com.google.android.gms:play-services-iid:9.2.1] AndroidManifest.xml:24:5-20
MERGED from [com.google.android.gms:play-services-location:9.2.1] AndroidManifest.xml:19:5-20
MERGED from [com.google.android.gms:play-services-base:9.2.1] AndroidManifest.xml:19:5-23:19
MERGED from [com.crashlytics.sdk.android:crashlytics:2.6.5] AndroidManifest.xml:11:5-20
MERGED from [com.crashlytics.sdk.android:beta:1.2.2] AndroidManifest.xml:11:5-20
MERGED from [com.crashlytics.sdk.android:crashlytics-core:2.3.14] AndroidManifest.xml:11:5-20
MERGED from [com.crashlytics.sdk.android:answers:1.3.10] AndroidManifest.xml:11:5-20
MERGED from [io.fabric.sdk.android:fabric:1.3.14] AndroidManifest.xml:27:5-20
MERGED from [com.google.firebase:firebase-core:9.2.1] AndroidManifest.xml:5:5-20
MERGED from [com.google.firebase:firebase-analytics:9.2.1] AndroidManifest.xml:26:5-41:19
MERGED from [com.google.firebase:firebase-analytics-impl:9.2.1] AndroidManifest.xml:26:5-41:19
MERGED from [com.google.firebase:firebase-iid:9.2.1] AndroidManifest.xml:30:5-59:19
MERGED from [com.google.firebase:firebase-common:9.2.1] AndroidManifest.xml:5:5-12:19
MERGED from [com.google.android.gms:play-services-tasks:9.2.1] AndroidManifest.xml:5:5-20
MERGED from [com.google.android.gms:play-services-basement:9.2.1] AndroidManifest.xml:20:5-24:19
MERGED from [com.android.support:support-v4:25.3.0] AndroidManifest.xml:29:5-20
MERGED from [com.android.support:support-fragment:25.3.0] AndroidManifest.xml:29:5-20
MERGED from [com.android.support:support-media-compat:25.3.0] AndroidManifest.xml:29:5-20
MERGED from [com.android.support:support-core-ui:25.3.0] AndroidManifest.xml:29:5-20
MERGED from [com.android.support:support-core-utils:25.3.0] AndroidManifest.xml:29:5-20
MERGED from [com.android.support:support-compat:25.3.0] AndroidManifest.xml:29:5-20
	android:label
		ADDED from src\main\AndroidManifest.xml:25:9-41
	android:supportsRtl
		ADDED from src\main\AndroidManifest.xml:26:9-35
	android:hardwareAccelerated
		ADDED from src\main\AndroidManifest.xml:29:9-44
	android:allowBackup
		ADDED from src\main\AndroidManifest.xml:23:9-35
	android:icon
		ADDED from src\main\AndroidManifest.xml:24:9-47
	android:largeHeap
		ADDED from src\main\AndroidManifest.xml:28:9-33
	android:theme
		ADDED from src\main\AndroidManifest.xml:27:9-40
	android:name
		ADDED from src\main\AndroidManifest.xml:22:9-61
activity#com.developer.android.quickveggis.ui.activity.SplashActivity
ADDED from src\main\AndroidManifest.xml:30:9-36:20
	android:name
		ADDED from src\main\AndroidManifest.xml:30:19-94
intent-filter#android.intent.action.MAIN+android.intent.category.LAUNCHER
ADDED from src\main\AndroidManifest.xml:31:13-35:29
action#android.intent.action.MAIN
ADDED from src\main\AndroidManifest.xml:32:17-69
	android:name
		ADDED from src\main\AndroidManifest.xml:32:25-66
category#android.intent.category.LAUNCHER
ADDED from src\main\AndroidManifest.xml:34:17-77
	android:name
		ADDED from src\main\AndroidManifest.xml:34:27-74
activity#com.developer.android.quickveggis.ui.activity.Walk1Activity
ADDED from src\main\AndroidManifest.xml:37:9-41:57
	android:screenOrientation
		ADDED from src\main\AndroidManifest.xml:39:13-49
	android:windowSoftInputMode
		ADDED from src\main\AndroidManifest.xml:41:13-54
	android:theme
		ADDED from src\main\AndroidManifest.xml:40:13-47
	android:name
		ADDED from src\main\AndroidManifest.xml:38:13-87
activity#com.developer.android.quickveggis.ui.activity.LoginActivity
ADDED from src\main\AndroidManifest.xml:42:9-45:50
	android:screenOrientation
		ADDED from src\main\AndroidManifest.xml:44:13-49
	android:theme
		ADDED from src\main\AndroidManifest.xml:45:13-47
	android:name
		ADDED from src\main\AndroidManifest.xml:43:13-87
activity#com.developer.android.quickveggis.ui.activity.TutorialActivity
ADDED from src\main\AndroidManifest.xml:46:9-49:50
	android:screenOrientation
		ADDED from src\main\AndroidManifest.xml:48:13-49
	android:theme
		ADDED from src\main\AndroidManifest.xml:49:13-47
	android:name
		ADDED from src\main\AndroidManifest.xml:47:13-90
activity#com.developer.android.quickveggis.ui.activity.MainActivity
ADDED from src\main\AndroidManifest.xml:50:9-54:57
	android:screenOrientation
		ADDED from src\main\AndroidManifest.xml:53:13-49
	android:launchMode
		ADDED from src\main\AndroidManifest.xml:52:13-44
	android:windowSoftInputMode
		ADDED from src\main\AndroidManifest.xml:54:13-54
	android:name
		ADDED from src\main\AndroidManifest.xml:51:13-86
activity#com.developer.android.quickveggis.ui.activity.ProfileActivity
ADDED from src\main\AndroidManifest.xml:55:9-58:50
	android:screenOrientation
		ADDED from src\main\AndroidManifest.xml:57:13-49
	android:theme
		ADDED from src\main\AndroidManifest.xml:58:13-47
	android:name
		ADDED from src\main\AndroidManifest.xml:56:13-89
activity#com.developer.android.quickveggis.ui.activity.ConversationActivity
ADDED from src\main\AndroidManifest.xml:59:9-62:50
	android:screenOrientation
		ADDED from src\main\AndroidManifest.xml:61:13-49
	android:theme
		ADDED from src\main\AndroidManifest.xml:62:13-47
	android:name
		ADDED from src\main\AndroidManifest.xml:60:13-94
activity#com.developer.android.quickveggis.ui.activity.PayoutActivity
ADDED from src\main\AndroidManifest.xml:63:9-67:57
	android:screenOrientation
		ADDED from src\main\AndroidManifest.xml:65:13-49
	android:windowSoftInputMode
		ADDED from src\main\AndroidManifest.xml:67:13-54
	android:theme
		ADDED from src\main\AndroidManifest.xml:66:13-47
	android:name
		ADDED from src\main\AndroidManifest.xml:64:13-88
activity#com.developer.android.quickveggis.ui.activity.ProductActivity
ADDED from src\main\AndroidManifest.xml:68:9-73:57
	android:screenOrientation
		ADDED from src\main\AndroidManifest.xml:71:13-49
	android:launchMode
		ADDED from src\main\AndroidManifest.xml:70:13-44
	android:windowSoftInputMode
		ADDED from src\main\AndroidManifest.xml:73:13-54
	android:theme
		ADDED from src\main\AndroidManifest.xml:72:13-47
	android:name
		ADDED from src\main\AndroidManifest.xml:69:13-89
activity#com.developer.android.quickveggis.ui.activity.ProductsActivity
ADDED from src\main\AndroidManifest.xml:74:9-79:57
	android:screenOrientation
		ADDED from src\main\AndroidManifest.xml:77:13-49
	android:launchMode
		ADDED from src\main\AndroidManifest.xml:76:13-44
	android:windowSoftInputMode
		ADDED from src\main\AndroidManifest.xml:79:13-54
	android:theme
		ADDED from src\main\AndroidManifest.xml:78:13-47
	android:name
		ADDED from src\main\AndroidManifest.xml:75:13-90
activity#com.developer.android.quickveggis.ui.activity.SurveyActivity
ADDED from src\main\AndroidManifest.xml:80:9-84:57
	android:screenOrientation
		ADDED from src\main\AndroidManifest.xml:82:13-49
	android:windowSoftInputMode
		ADDED from src\main\AndroidManifest.xml:84:13-54
	android:theme
		ADDED from src\main\AndroidManifest.xml:83:13-47
	android:name
		ADDED from src\main\AndroidManifest.xml:81:13-88
activity#com.developer.android.quickveggis.ui.activity.TrackingActivity
ADDED from src\main\AndroidManifest.xml:85:9-89:57
	android:screenOrientation
		ADDED from src\main\AndroidManifest.xml:88:13-49
	android:launchMode
		ADDED from src\main\AndroidManifest.xml:87:13-44
	android:windowSoftInputMode
		ADDED from src\main\AndroidManifest.xml:89:13-54
	android:name
		ADDED from src\main\AndroidManifest.xml:86:13-90
activity#com.developer.android.quickveggis.ui.activity.SurveyVideoActivity
ADDED from src\main\AndroidManifest.xml:90:9-94:57
	android:screenOrientation
		ADDED from src\main\AndroidManifest.xml:92:13-49
	android:windowSoftInputMode
		ADDED from src\main\AndroidManifest.xml:94:13-54
	android:theme
		ADDED from src\main\AndroidManifest.xml:93:13-47
	android:name
		ADDED from src\main\AndroidManifest.xml:91:13-93
activity#com.developer.android.quickveggis.ui.activity.UnlockedActivity
ADDED from src\main\AndroidManifest.xml:95:9-99:57
	android:screenOrientation
		ADDED from src\main\AndroidManifest.xml:97:13-49
	android:windowSoftInputMode
		ADDED from src\main\AndroidManifest.xml:99:13-54
	android:theme
		ADDED from src\main\AndroidManifest.xml:98:13-47
	android:name
		ADDED from src\main\AndroidManifest.xml:96:13-90
activity#com.developer.android.quickveggis.ui.activity.CartSelectionActivity
ADDED from src\main\AndroidManifest.xml:100:9-103:50
	android:screenOrientation
		ADDED from src\main\AndroidManifest.xml:102:13-49
	android:theme
		ADDED from src\main\AndroidManifest.xml:103:13-47
	android:name
		ADDED from src\main\AndroidManifest.xml:101:13-95
activity#com.developer.android.quickveggis.ui.activity.OrderActivity
ADDED from src\main\AndroidManifest.xml:104:9-108:57
	android:screenOrientation
		ADDED from src\main\AndroidManifest.xml:106:13-49
	android:windowSoftInputMode
		ADDED from src\main\AndroidManifest.xml:108:13-54
	android:theme
		ADDED from src\main\AndroidManifest.xml:107:13-47
	android:name
		ADDED from src\main\AndroidManifest.xml:105:13-87
activity#com.developer.android.quickveggis.ui.activity.CheckActivity
ADDED from src\main\AndroidManifest.xml:109:9-112:50
	android:screenOrientation
		ADDED from src\main\AndroidManifest.xml:111:13-49
	android:theme
		ADDED from src\main\AndroidManifest.xml:112:13-47
	android:name
		ADDED from src\main\AndroidManifest.xml:110:13-87
activity#com.developer.android.quickveggis.ui.activity.TaskActivity
ADDED from src\main\AndroidManifest.xml:113:9-116:50
	android:screenOrientation
		ADDED from src\main\AndroidManifest.xml:115:13-49
	android:theme
		ADDED from src\main\AndroidManifest.xml:116:13-47
	android:name
		ADDED from src\main\AndroidManifest.xml:114:13-86
activity#com.developer.android.quickveggis.ui.activity.SearchActivity
ADDED from src\main\AndroidManifest.xml:117:9-120:50
	android:screenOrientation
		ADDED from src\main\AndroidManifest.xml:119:13-49
	android:theme
		ADDED from src\main\AndroidManifest.xml:120:13-47
	android:name
		ADDED from src\main\AndroidManifest.xml:118:13-88
activity#com.developer.android.quickveggis.ui.activity.OfflineRedeemActivity
ADDED from src\main\AndroidManifest.xml:121:9-124:50
	android:screenOrientation
		ADDED from src\main\AndroidManifest.xml:123:13-49
	android:theme
		ADDED from src\main\AndroidManifest.xml:124:13-47
	android:name
		ADDED from src\main\AndroidManifest.xml:122:13-95
activity#com.developer.android.quickveggis.ui.activity.CameraActivity
ADDED from src\main\AndroidManifest.xml:125:9-128:50
	android:screenOrientation
		ADDED from src\main\AndroidManifest.xml:127:13-49
	android:theme
		ADDED from src\main\AndroidManifest.xml:128:13-47
	android:name
		ADDED from src\main\AndroidManifest.xml:126:13-88
activity#com.developer.android.quickveggis.ui.activity.SignInActivity
ADDED from src\main\AndroidManifest.xml:129:9-132:50
	android:screenOrientation
		ADDED from src\main\AndroidManifest.xml:131:13-49
	android:theme
		ADDED from src\main\AndroidManifest.xml:132:13-47
	android:name
		ADDED from src\main\AndroidManifest.xml:130:13-88
activity#com.developer.android.quickveggis.ui.activity.SignupActivity
ADDED from src\main\AndroidManifest.xml:133:9-136:50
	android:screenOrientation
		ADDED from src\main\AndroidManifest.xml:135:13-49
	android:theme
		ADDED from src\main\AndroidManifest.xml:136:13-47
	android:name
		ADDED from src\main\AndroidManifest.xml:134:13-88
activity#com.developer.android.quickveggis.ui.activity.CartActivity
ADDED from src\main\AndroidManifest.xml:137:9-141:50
	android:screenOrientation
		ADDED from src\main\AndroidManifest.xml:140:13-49
	android:launchMode
		ADDED from src\main\AndroidManifest.xml:139:13-44
	android:theme
		ADDED from src\main\AndroidManifest.xml:141:13-47
	android:name
		ADDED from src\main\AndroidManifest.xml:138:13-86
activity#com.developer.android.quickveggis.ui.activity.ConfirmActivity
ADDED from src\main\AndroidManifest.xml:142:9-145:60
	android:screenOrientation
		ADDED from src\main\AndroidManifest.xml:144:13-49
	android:theme
		ADDED from src\main\AndroidManifest.xml:145:13-57
	android:name
		ADDED from src\main\AndroidManifest.xml:143:13-89
activity#com.developer.android.quickveggis.ui.activity.NotificationActivity
ADDED from src\main\AndroidManifest.xml:146:9-149:50
	android:screenOrientation
		ADDED from src\main\AndroidManifest.xml:148:13-49
	android:theme
		ADDED from src\main\AndroidManifest.xml:149:13-47
	android:name
		ADDED from src\main\AndroidManifest.xml:147:13-94
activity#com.developer.android.quickveggis.ui.activity.SupportsActivity
ADDED from src\main\AndroidManifest.xml:150:9-153:50
	android:screenOrientation
		ADDED from src\main\AndroidManifest.xml:152:13-49
	android:theme
		ADDED from src\main\AndroidManifest.xml:153:13-47
	android:name
		ADDED from src\main\AndroidManifest.xml:151:13-90
activity#com.developer.android.quickveggis.ui.activity.GroupCameraActivity
ADDED from src\main\AndroidManifest.xml:154:9-157:50
	android:screenOrientation
		ADDED from src\main\AndroidManifest.xml:156:13-49
	android:theme
		ADDED from src\main\AndroidManifest.xml:157:13-47
	android:name
		ADDED from src\main\AndroidManifest.xml:155:13-93
meta-data#com.facebook.sdk.ApplicationId
ADDED from src\main\AndroidManifest.xml:159:9-107
	android:value
		ADDED from src\main\AndroidManifest.xml:159:66-105
	android:name
		ADDED from src\main\AndroidManifest.xml:159:20-65
activity#com.facebook.FacebookActivity
ADDED from src\main\AndroidManifest.xml:160:9-163:48
MERGED from [com.facebook.android:facebook-android-sdk:4.15.0] AndroidManifest.xml:29:9-32:75
	android:label
		ADDED from src\main\AndroidManifest.xml:163:13-45
	android:configChanges
		ADDED from src\main\AndroidManifest.xml:161:13-96
	android:theme
		ADDED from src\main\AndroidManifest.xml:162:13-72
	android:name
		ADDED from src\main\AndroidManifest.xml:160:19-63
service#com.developer.android.quickveggis.service.NotificationExtenderBareBonesExample
ADDED from src\main\AndroidManifest.xml:166:9-172:19
	android:exported
		ADDED from src\main\AndroidManifest.xml:168:13-37
	android:name
		ADDED from src\main\AndroidManifest.xml:167:13-106
intent-filter#com.onesignal.NotificationExtender
ADDED from src\main\AndroidManifest.xml:169:13-171:29
action#com.onesignal.NotificationExtender
ADDED from src\main\AndroidManifest.xml:170:17-77
	android:name
		ADDED from src\main\AndroidManifest.xml:170:25-74
meta-data#AA_DB_NAME
ADDED from src\main\AndroidManifest.xml:174:9-80
	android:value
		ADDED from src\main\AndroidManifest.xml:174:46-77
	android:name
		ADDED from src\main\AndroidManifest.xml:174:20-45
meta-data#AA_DB_VERSION
ADDED from src\main\AndroidManifest.xml:175:9-69
	android:value
		ADDED from src\main\AndroidManifest.xml:175:49-66
	android:name
		ADDED from src\main\AndroidManifest.xml:175:20-48
meta-data#AA_MODELS
ADDED from src\main\AndroidManifest.xml:177:9-179:89
	android:value
		ADDED from src\main\AndroidManifest.xml:179:13-86
	android:name
		ADDED from src\main\AndroidManifest.xml:178:13-37
meta-data#io.fabric.ApiKey
ADDED from src\main\AndroidManifest.xml:181:9-183:72
	android:value
		ADDED from src\main\AndroidManifest.xml:183:13-69
	android:name
		ADDED from src\main\AndroidManifest.xml:182:13-44
meta-data#android.support.VERSION
ADDED from [com.android.support:design:25.3.0] AndroidManifest.xml:25:5-27:34
MERGED from [com.android.support:transition:25.3.0] AndroidManifest.xml:22:5-24:34
MERGED from [com.android.support:cardview-v7:25.3.0] AndroidManifest.xml:22:5-24:34
MERGED from [com.android.support:recyclerview-v7:25.3.0] AndroidManifest.xml:22:5-24:34
MERGED from [com.android.support:appcompat-v7:25.3.0] AndroidManifest.xml:25:5-27:34
MERGED from [com.android.support:animated-vector-drawable:25.3.0] AndroidManifest.xml:22:5-24:34
MERGED from [com.android.support:support-vector-drawable:25.3.0] AndroidManifest.xml:22:5-24:34
MERGED from [com.android.support:support-v4:25.3.0] AndroidManifest.xml:25:5-27:34
MERGED from [com.android.support:support-fragment:25.3.0] AndroidManifest.xml:25:5-27:34
MERGED from [com.android.support:support-media-compat:25.3.0] AndroidManifest.xml:25:5-27:34
MERGED from [com.android.support:support-core-ui:25.3.0] AndroidManifest.xml:25:5-27:34
MERGED from [com.android.support:support-core-utils:25.3.0] AndroidManifest.xml:25:5-27:34
MERGED from [com.android.support:support-compat:25.3.0] AndroidManifest.xml:25:5-27:34
	android:value
		ADDED from [com.android.support:design:25.3.0] AndroidManifest.xml:27:9-31
	android:name
		ADDED from [com.android.support:design:25.3.0] AndroidManifest.xml:26:9-47
activity#com.tbruyelle.rxpermissions.ShadowActivity
ADDED from [com.tbruyelle.rxpermissions:rxpermissions:0.7.0] AndroidManifest.xml:11:9-14:75
	android:launchMode
		ADDED from [com.tbruyelle.rxpermissions:rxpermissions:0.7.0] AndroidManifest.xml:13:13-43
	android:theme
		ADDED from [com.tbruyelle.rxpermissions:rxpermissions:0.7.0] AndroidManifest.xml:14:13-72
	android:name
		ADDED from [com.tbruyelle.rxpermissions:rxpermissions:0.7.0] AndroidManifest.xml:12:13-70
activity#com.google.android.gms.auth.api.signin.internal.SignInHubActivity
ADDED from [com.google.android.gms:play-services-auth:9.2.1] AndroidManifest.xml:21:9-24:46
	android:excludeFromRecents
		ADDED from [com.google.android.gms:play-services-auth:9.2.1] AndroidManifest.xml:23:19-52
	android:exported
		ADDED from [com.google.android.gms:play-services-auth:9.2.1] AndroidManifest.xml:24:19-43
	android:theme
		ADDED from [com.google.android.gms:play-services-auth:9.2.1] AndroidManifest.xml:22:19-78
	android:name
		ADDED from [com.google.android.gms:play-services-auth:9.2.1] AndroidManifest.xml:21:19-68
service#com.google.android.gms.auth.api.signin.RevocationBoundService
ADDED from [com.google.android.gms:play-services-auth:9.2.1] AndroidManifest.xml:28:9-31:110
	android:exported
		ADDED from [com.google.android.gms:play-services-auth:9.2.1] AndroidManifest.xml:30:13-36
	android:permission
		ADDED from [com.google.android.gms:play-services-auth:9.2.1] AndroidManifest.xml:31:13-107
	android:name
		ADDED from [com.google.android.gms:play-services-auth:9.2.1] AndroidManifest.xml:29:13-58
activity#com.facebook.CustomTabActivity
ADDED from [com.facebook.android:facebook-android-sdk:4.15.0] AndroidManifest.xml:33:9-36:20
	android:exported
		ADDED from [com.facebook.android:facebook-android-sdk:4.15.0] AndroidManifest.xml:35:13-36
	android:name
		ADDED from [com.facebook.android:facebook-android-sdk:4.15.0] AndroidManifest.xml:34:13-58
activity#com.facebook.CustomTabMainActivity
ADDED from [com.facebook.android:facebook-android-sdk:4.15.0] AndroidManifest.xml:37:9-71
	android:name
		ADDED from [com.facebook.android:facebook-android-sdk:4.15.0] AndroidManifest.xml:37:19-68
uses-permission#android.permission.RECORD_AUDIO
ADDED from [com.github.freshdesk:hotline-android:1.0.15] AndroidManifest.xml:17:5-71
	android:name
		ADDED from [com.github.freshdesk:hotline-android:1.0.15] AndroidManifest.xml:17:22-68
uses-permission#android.permission.WAKE_LOCK
ADDED from [com.github.freshdesk:hotline-android:1.0.15] AndroidManifest.xml:24:5-68
MERGED from [com.onesignal:OneSignal:3.6.3] AndroidManifest.xml:19:5-68
MERGED from [com.google.firebase:firebase-analytics:9.2.1] AndroidManifest.xml:24:5-67
MERGED from [com.google.firebase:firebase-analytics-impl:9.2.1] AndroidManifest.xml:24:5-67
MERGED from [com.google.firebase:firebase-iid:9.2.1] AndroidManifest.xml:22:5-68
	android:name
		ADDED from [com.github.freshdesk:hotline-android:1.0.15] AndroidManifest.xml:24:22-65
activity#com.freshdesk.hotline.activity.ChannelListActivity